2025-09-03 07:09:10,549 - utils.logging_config - INFO - Logging system initialized
2025-09-03 07:09:10,549 - utils.logging_config - INFO - Log level: INFO
2025-09-03 07:09:10,549 - utils.logging_config - INFO - Log files: logs
2025-09-03 07:09:12,488 - faiss.loader - INFO - Loading faiss.
2025-09-03 07:09:12,501 - faiss.loader - INFO - Successfully loaded faiss.
2025-09-03 07:09:15,424 - utils.logging_config - INFO - Logging system initialized
2025-09-03 07:09:15,424 - utils.logging_config - INFO - Log level: INFO
2025-09-03 07:09:15,424 - utils.logging_config - INFO - Log files: logs
2025-09-03 07:09:17,358 - faiss.loader - INFO - Loading faiss.
2025-09-03 07:09:17,371 - faiss.loader - INFO - Successfully loaded faiss.
2025-09-03 07:09:17,578 - werkzeug - INFO - [31m[1mWARNING: This is a development server. Do not use it in a production deployment. Use a production WSGI server instead.[0m
 * Running on all addresses (0.0.0.0)
 * Running on http://127.0.0.1:5005
 * Running on http://192.168.29.226:5005
2025-09-03 07:09:17,578 - werkzeug - INFO - [33mPress CTRL+C to quit[0m
2025-09-03 07:09:17,579 - werkzeug - INFO -  * Restarting with stat
2025-09-03 07:09:17,662 - utils.logging_config - INFO - Logging system initialized
2025-09-03 07:09:17,662 - utils.logging_config - INFO - Log level: INFO
2025-09-03 07:09:17,662 - utils.logging_config - INFO - Log files: logs
2025-09-03 07:09:19,584 - faiss.loader - INFO - Loading faiss.
2025-09-03 07:09:19,597 - faiss.loader - INFO - Successfully loaded faiss.
2025-09-03 07:09:19,796 - werkzeug - WARNING -  * Debugger is active!
2025-09-03 07:09:19,802 - werkzeug - INFO -  * Debugger PIN: 241-693-085
2025-09-03 07:11:28,558 - app - INFO - Request: GET http://localhost:5005/
2025-09-03 07:11:28,558 - app - INFO - Headers: {'Host': 'localhost:5005', 'Connection': 'keep-alive', 'Sec-Ch-Ua': '"Not;A=Brand";v="99", "Brave";v="139", "Chromium";v="139"', 'Sec-Ch-Ua-Mobile': '?0', 'Sec-Ch-Ua-Platform': '"macOS"', 'Upgrade-Insecure-Requests': '1', 'User-Agent': 'Mozilla/5.0 (Macintosh; Intel Mac OS X 10_15_7) AppleWebKit/537.36 (KHTML, like Gecko) Chrome/139.0.0.0 Safari/537.36', 'Accept': 'text/html,application/xhtml+xml,application/xml;q=0.9,image/avif,image/webp,image/apng,*/*;q=0.8', 'Sec-Gpc': '1', 'Accept-Language': 'en-US,en;q=0.9', 'Sec-Fetch-Site': 'none', 'Sec-Fetch-Mode': 'navigate', 'Sec-Fetch-User': '?1', 'Sec-Fetch-Dest': 'document', 'Accept-Encoding': 'gzip, deflate, br, zstd'}
2025-09-03 07:11:28,558 - app - ERROR - Error in Unhandled Exception: 415 Unsupported Media Type: Did not attempt to load JSON data because the request Content-Type was not 'application/json'.
Traceback (most recent call last):
  File "/Users/tanush/Documents/repos/AIDE/backend/venv/lib/python3.13/site-packages/flask/app.py", line 915, in full_dispatch_request
    rv = self.preprocess_request()
  File "/Users/tanush/Documents/repos/AIDE/backend/venv/lib/python3.13/site-packages/flask/app.py", line 1291, in preprocess_request
    rv = self.ensure_sync(before_func)()
  File "/Users/tanush/Documents/repos/AIDE/backend/app.py", line 29, in log_request
    log_request_info(request, logger)
    ~~~~~~~~~~~~~~~~^^^^^^^^^^^^^^^^^
  File "/Users/tanush/Documents/repos/AIDE/backend/utils/logging_config.py", line 78, in log_request_info
    if request.json:
       ^^^^^^^^^^^^
  File "/Users/tanush/Documents/repos/AIDE/backend/venv/lib/python3.13/site-packages/werkzeug/wrappers/request.py", line 560, in json
    return self.get_json()
           ~~~~~~~~~~~~~^^
  File "/Users/tanush/Documents/repos/AIDE/backend/venv/lib/python3.13/site-packages/werkzeug/wrappers/request.py", line 604, in get_json
    return self.on_json_loading_failed(None)
           ~~~~~~~~~~~~~~~~~~~~~~~~~~~^^^^^^
  File "/Users/tanush/Documents/repos/AIDE/backend/venv/lib/python3.13/site-packages/flask/wrappers.py", line 214, in on_json_loading_failed
    return super().on_json_loading_failed(e)
           ~~~~~~~~~~~~~~~~~~~~~~~~~~~~~~^^^
  File "/Users/tanush/Documents/repos/AIDE/backend/venv/lib/python3.13/site-packages/werkzeug/wrappers/request.py", line 647, in on_json_loading_failed
    raise UnsupportedMediaType(
    ...<2 lines>...
    )
werkzeug.exceptions.UnsupportedMediaType: 415 Unsupported Media Type: Did not attempt to load JSON data because the request Content-Type was not 'application/json'.
2025-09-03 07:11:28,570 - app - INFO - Response Status: 500
2025-09-03 07:11:28,571 - app - INFO - Response Headers: {'Content-Type': 'application/json', 'Content-Length': '140', 'Access-Control-Allow-Origin': 'http://localhost:3000', 'Access-Control-Allow-Credentials': 'true', 'Vary': 'Origin'}
2025-09-03 07:11:28,572 - werkzeug - INFO - 127.0.0.1 - - [03/Sep/2025 07:11:28] "[35m[1mGET / HTTP/1.1[0m" 500 -
2025-09-03 07:11:28,597 - app - INFO - Request: GET http://localhost:5005/favicon.ico
2025-09-03 07:11:28,597 - app - INFO - Headers: {'Host': 'localhost:5005', 'Connection': 'keep-alive', 'Sec-Ch-Ua-Platform': '"macOS"', 'User-Agent': 'Mozilla/5.0 (Macintosh; Intel Mac OS X 10_15_7) AppleWebKit/537.36 (KHTML, like Gecko) Chrome/139.0.0.0 Safari/537.36', 'Sec-Ch-Ua': '"Not;A=Brand";v="99", "Brave";v="139", "Chromium";v="139"', 'Sec-Ch-Ua-Mobile': '?0', 'Accept': 'image/avif,image/webp,image/apng,image/svg+xml,image/*,*/*;q=0.8', 'Sec-Gpc': '1', 'Accept-Language': 'en-US,en;q=0.9', 'Sec-Fetch-Site': 'same-origin', 'Sec-Fetch-Mode': 'no-cors', 'Sec-Fetch-Dest': 'image', 'Referer': 'http://localhost:5005/', 'Accept-Encoding': 'gzip, deflate, br, zstd'}
2025-09-03 07:11:28,597 - app - ERROR - Error in Unhandled Exception: 415 Unsupported Media Type: Did not attempt to load JSON data because the request Content-Type was not 'application/json'.
Traceback (most recent call last):
  File "/Users/tanush/Documents/repos/AIDE/backend/venv/lib/python3.13/site-packages/flask/app.py", line 915, in full_dispatch_request
    rv = self.preprocess_request()
  File "/Users/tanush/Documents/repos/AIDE/backend/venv/lib/python3.13/site-packages/flask/app.py", line 1291, in preprocess_request
    rv = self.ensure_sync(before_func)()
  File "/Users/tanush/Documents/repos/AIDE/backend/app.py", line 29, in log_request
    log_request_info(request, logger)
    ~~~~~~~~~~~~~~~~^^^^^^^^^^^^^^^^^
  File "/Users/tanush/Documents/repos/AIDE/backend/utils/logging_config.py", line 78, in log_request_info
    if request.json:
       ^^^^^^^^^^^^
  File "/Users/tanush/Documents/repos/AIDE/backend/venv/lib/python3.13/site-packages/werkzeug/wrappers/request.py", line 560, in json
    return self.get_json()
           ~~~~~~~~~~~~~^^
  File "/Users/tanush/Documents/repos/AIDE/backend/venv/lib/python3.13/site-packages/werkzeug/wrappers/request.py", line 604, in get_json
    return self.on_json_loading_failed(None)
           ~~~~~~~~~~~~~~~~~~~~~~~~~~~^^^^^^
  File "/Users/tanush/Documents/repos/AIDE/backend/venv/lib/python3.13/site-packages/flask/wrappers.py", line 214, in on_json_loading_failed
    return super().on_json_loading_failed(e)
           ~~~~~~~~~~~~~~~~~~~~~~~~~~~~~~^^^
  File "/Users/tanush/Documents/repos/AIDE/backend/venv/lib/python3.13/site-packages/werkzeug/wrappers/request.py", line 647, in on_json_loading_failed
    raise UnsupportedMediaType(
    ...<2 lines>...
    )
werkzeug.exceptions.UnsupportedMediaType: 415 Unsupported Media Type: Did not attempt to load JSON data because the request Content-Type was not 'application/json'.
2025-09-03 07:11:28,598 - app - INFO - Response Status: 500
2025-09-03 07:11:28,598 - app - INFO - Response Headers: {'Content-Type': 'application/json', 'Content-Length': '140', 'Access-Control-Allow-Origin': 'http://localhost:3000', 'Access-Control-Allow-Credentials': 'true', 'Vary': 'Origin'}
2025-09-03 07:11:28,598 - werkzeug - INFO - 127.0.0.1 - - [03/Sep/2025 07:11:28] "[35m[1mGET /favicon.ico HTTP/1.1[0m" 500 -
2025-09-03 07:11:40,289 - app - INFO - Request: GET http://localhost:5005/health
2025-09-03 07:11:40,289 - app - INFO - Headers: {'Host': 'localhost:5005', 'Connection': 'keep-alive', 'Sec-Ch-Ua': '"Not;A=Brand";v="99", "Brave";v="139", "Chromium";v="139"', 'Sec-Ch-Ua-Mobile': '?0', 'Sec-Ch-Ua-Platform': '"macOS"', 'Upgrade-Insecure-Requests': '1', 'User-Agent': 'Mozilla/5.0 (Macintosh; Intel Mac OS X 10_15_7) AppleWebKit/537.36 (KHTML, like Gecko) Chrome/139.0.0.0 Safari/537.36', 'Accept': 'text/html,application/xhtml+xml,application/xml;q=0.9,image/avif,image/webp,image/apng,*/*;q=0.8', 'Sec-Gpc': '1', 'Accept-Language': 'en-US,en;q=0.9', 'Sec-Fetch-Site': 'none', 'Sec-Fetch-Mode': 'navigate', 'Sec-Fetch-User': '?1', 'Sec-Fetch-Dest': 'document', 'Accept-Encoding': 'gzip, deflate, br, zstd'}
2025-09-03 07:11:40,289 - app - ERROR - Error in Unhandled Exception: 415 Unsupported Media Type: Did not attempt to load JSON data because the request Content-Type was not 'application/json'.
Traceback (most recent call last):
  File "/Users/tanush/Documents/repos/AIDE/backend/venv/lib/python3.13/site-packages/flask/app.py", line 915, in full_dispatch_request
    rv = self.preprocess_request()
  File "/Users/tanush/Documents/repos/AIDE/backend/venv/lib/python3.13/site-packages/flask/app.py", line 1291, in preprocess_request
    rv = self.ensure_sync(before_func)()
  File "/Users/tanush/Documents/repos/AIDE/backend/app.py", line 29, in log_request
    log_request_info(request, logger)
    ~~~~~~~~~~~~~~~~^^^^^^^^^^^^^^^^^
  File "/Users/tanush/Documents/repos/AIDE/backend/utils/logging_config.py", line 78, in log_request_info
    if request.json:
       ^^^^^^^^^^^^
  File "/Users/tanush/Documents/repos/AIDE/backend/venv/lib/python3.13/site-packages/werkzeug/wrappers/request.py", line 560, in json
    return self.get_json()
           ~~~~~~~~~~~~~^^
  File "/Users/tanush/Documents/repos/AIDE/backend/venv/lib/python3.13/site-packages/werkzeug/wrappers/request.py", line 604, in get_json
    return self.on_json_loading_failed(None)
           ~~~~~~~~~~~~~~~~~~~~~~~~~~~^^^^^^
  File "/Users/tanush/Documents/repos/AIDE/backend/venv/lib/python3.13/site-packages/flask/wrappers.py", line 214, in on_json_loading_failed
    return super().on_json_loading_failed(e)
           ~~~~~~~~~~~~~~~~~~~~~~~~~~~~~~^^^
  File "/Users/tanush/Documents/repos/AIDE/backend/venv/lib/python3.13/site-packages/werkzeug/wrappers/request.py", line 647, in on_json_loading_failed
    raise UnsupportedMediaType(
    ...<2 lines>...
    )
werkzeug.exceptions.UnsupportedMediaType: 415 Unsupported Media Type: Did not attempt to load JSON data because the request Content-Type was not 'application/json'.
2025-09-03 07:11:40,291 - app - INFO - Response Status: 500
2025-09-03 07:11:40,291 - app - INFO - Response Headers: {'Content-Type': 'application/json', 'Content-Length': '140', 'Access-Control-Allow-Origin': 'http://localhost:3000', 'Access-Control-Allow-Credentials': 'true', 'Vary': 'Origin'}
2025-09-03 07:11:40,291 - werkzeug - INFO - 127.0.0.1 - - [03/Sep/2025 07:11:40] "[35m[1mGET /health HTTP/1.1[0m" 500 -
2025-09-03 07:11:40,315 - app - INFO - Request: GET http://localhost:5005/favicon.ico
2025-09-03 07:11:40,316 - app - INFO - Headers: {'Host': 'localhost:5005', 'Connection': 'keep-alive', 'Sec-Ch-Ua-Platform': '"macOS"', 'User-Agent': 'Mozilla/5.0 (Macintosh; Intel Mac OS X 10_15_7) AppleWebKit/537.36 (KHTML, like Gecko) Chrome/139.0.0.0 Safari/537.36', 'Sec-Ch-Ua': '"Not;A=Brand";v="99", "Brave";v="139", "Chromium";v="139"', 'Sec-Ch-Ua-Mobile': '?0', 'Accept': 'image/avif,image/webp,image/apng,image/svg+xml,image/*,*/*;q=0.8', 'Sec-Gpc': '1', 'Accept-Language': 'en-US,en;q=0.9', 'Sec-Fetch-Site': 'same-origin', 'Sec-Fetch-Mode': 'no-cors', 'Sec-Fetch-Dest': 'image', 'Referer': 'http://localhost:5005/health', 'Accept-Encoding': 'gzip, deflate, br, zstd'}
2025-09-03 07:11:40,316 - app - ERROR - Error in Unhandled Exception: 415 Unsupported Media Type: Did not attempt to load JSON data because the request Content-Type was not 'application/json'.
Traceback (most recent call last):
  File "/Users/tanush/Documents/repos/AIDE/backend/venv/lib/python3.13/site-packages/flask/app.py", line 915, in full_dispatch_request
    rv = self.preprocess_request()
  File "/Users/tanush/Documents/repos/AIDE/backend/venv/lib/python3.13/site-packages/flask/app.py", line 1291, in preprocess_request
    rv = self.ensure_sync(before_func)()
  File "/Users/tanush/Documents/repos/AIDE/backend/app.py", line 29, in log_request
    log_request_info(request, logger)
    ~~~~~~~~~~~~~~~~^^^^^^^^^^^^^^^^^
  File "/Users/tanush/Documents/repos/AIDE/backend/utils/logging_config.py", line 78, in log_request_info
    if request.json:
       ^^^^^^^^^^^^
  File "/Users/tanush/Documents/repos/AIDE/backend/venv/lib/python3.13/site-packages/werkzeug/wrappers/request.py", line 560, in json
    return self.get_json()
           ~~~~~~~~~~~~~^^
  File "/Users/tanush/Documents/repos/AIDE/backend/venv/lib/python3.13/site-packages/werkzeug/wrappers/request.py", line 604, in get_json
    return self.on_json_loading_failed(None)
           ~~~~~~~~~~~~~~~~~~~~~~~~~~~^^^^^^
  File "/Users/tanush/Documents/repos/AIDE/backend/venv/lib/python3.13/site-packages/flask/wrappers.py", line 214, in on_json_loading_failed
    return super().on_json_loading_failed(e)
           ~~~~~~~~~~~~~~~~~~~~~~~~~~~~~~^^^
  File "/Users/tanush/Documents/repos/AIDE/backend/venv/lib/python3.13/site-packages/werkzeug/wrappers/request.py", line 647, in on_json_loading_failed
    raise UnsupportedMediaType(
    ...<2 lines>...
    )
werkzeug.exceptions.UnsupportedMediaType: 415 Unsupported Media Type: Did not attempt to load JSON data because the request Content-Type was not 'application/json'.
2025-09-03 07:11:40,317 - app - INFO - Response Status: 500
2025-09-03 07:11:40,317 - app - INFO - Response Headers: {'Content-Type': 'application/json', 'Content-Length': '140', 'Access-Control-Allow-Origin': 'http://localhost:3000', 'Access-Control-Allow-Credentials': 'true', 'Vary': 'Origin'}
2025-09-03 07:11:40,317 - werkzeug - INFO - 127.0.0.1 - - [03/Sep/2025 07:11:40] "[35m[1mGET /favicon.ico HTTP/1.1[0m" 500 -
2025-09-03 07:11:45,627 - app - INFO - Request: GET http://localhost:5005/rag
2025-09-03 07:11:45,627 - app - INFO - Headers: {'Host': 'localhost:5005', 'Connection': 'keep-alive', 'Sec-Ch-Ua': '"Not;A=Brand";v="99", "Brave";v="139", "Chromium";v="139"', 'Sec-Ch-Ua-Mobile': '?0', 'Sec-Ch-Ua-Platform': '"macOS"', 'Upgrade-Insecure-Requests': '1', 'User-Agent': 'Mozilla/5.0 (Macintosh; Intel Mac OS X 10_15_7) AppleWebKit/537.36 (KHTML, like Gecko) Chrome/139.0.0.0 Safari/537.36', 'Accept': 'text/html,application/xhtml+xml,application/xml;q=0.9,image/avif,image/webp,image/apng,*/*;q=0.8', 'Sec-Gpc': '1', 'Accept-Language': 'en-US,en;q=0.9', 'Sec-Fetch-Site': 'none', 'Sec-Fetch-Mode': 'navigate', 'Sec-Fetch-User': '?1', 'Sec-Fetch-Dest': 'document', 'Accept-Encoding': 'gzip, deflate, br, zstd'}
2025-09-03 07:11:45,627 - app - ERROR - Error in Unhandled Exception: 415 Unsupported Media Type: Did not attempt to load JSON data because the request Content-Type was not 'application/json'.
Traceback (most recent call last):
  File "/Users/tanush/Documents/repos/AIDE/backend/venv/lib/python3.13/site-packages/flask/app.py", line 915, in full_dispatch_request
    rv = self.preprocess_request()
  File "/Users/tanush/Documents/repos/AIDE/backend/venv/lib/python3.13/site-packages/flask/app.py", line 1291, in preprocess_request
    rv = self.ensure_sync(before_func)()
  File "/Users/tanush/Documents/repos/AIDE/backend/app.py", line 29, in log_request
    log_request_info(request, logger)
    ~~~~~~~~~~~~~~~~^^^^^^^^^^^^^^^^^
  File "/Users/tanush/Documents/repos/AIDE/backend/utils/logging_config.py", line 78, in log_request_info
    if request.json:
       ^^^^^^^^^^^^
  File "/Users/tanush/Documents/repos/AIDE/backend/venv/lib/python3.13/site-packages/werkzeug/wrappers/request.py", line 560, in json
    return self.get_json()
           ~~~~~~~~~~~~~^^
  File "/Users/tanush/Documents/repos/AIDE/backend/venv/lib/python3.13/site-packages/werkzeug/wrappers/request.py", line 604, in get_json
    return self.on_json_loading_failed(None)
           ~~~~~~~~~~~~~~~~~~~~~~~~~~~^^^^^^
  File "/Users/tanush/Documents/repos/AIDE/backend/venv/lib/python3.13/site-packages/flask/wrappers.py", line 214, in on_json_loading_failed
    return super().on_json_loading_failed(e)
           ~~~~~~~~~~~~~~~~~~~~~~~~~~~~~~^^^
  File "/Users/tanush/Documents/repos/AIDE/backend/venv/lib/python3.13/site-packages/werkzeug/wrappers/request.py", line 647, in on_json_loading_failed
    raise UnsupportedMediaType(
    ...<2 lines>...
    )
werkzeug.exceptions.UnsupportedMediaType: 415 Unsupported Media Type: Did not attempt to load JSON data because the request Content-Type was not 'application/json'.
2025-09-03 07:11:45,629 - app - INFO - Response Status: 500
2025-09-03 07:11:45,629 - app - INFO - Response Headers: {'Content-Type': 'application/json', 'Content-Length': '140', 'Access-Control-Allow-Origin': 'http://localhost:3000', 'Access-Control-Allow-Credentials': 'true', 'Vary': 'Origin'}
2025-09-03 07:11:45,629 - werkzeug - INFO - 127.0.0.1 - - [03/Sep/2025 07:11:45] "[35m[1mGET /rag HTTP/1.1[0m" 500 -
2025-09-03 07:11:45,655 - app - INFO - Request: GET http://localhost:5005/favicon.ico
2025-09-03 07:11:45,655 - app - INFO - Headers: {'Host': 'localhost:5005', 'Connection': 'keep-alive', 'Sec-Ch-Ua-Platform': '"macOS"', 'User-Agent': 'Mozilla/5.0 (Macintosh; Intel Mac OS X 10_15_7) AppleWebKit/537.36 (KHTML, like Gecko) Chrome/139.0.0.0 Safari/537.36', 'Sec-Ch-Ua': '"Not;A=Brand";v="99", "Brave";v="139", "Chromium";v="139"', 'Sec-Ch-Ua-Mobile': '?0', 'Accept': 'image/avif,image/webp,image/apng,image/svg+xml,image/*,*/*;q=0.8', 'Sec-Gpc': '1', 'Accept-Language': 'en-US,en;q=0.9', 'Sec-Fetch-Site': 'same-origin', 'Sec-Fetch-Mode': 'no-cors', 'Sec-Fetch-Dest': 'image', 'Referer': 'http://localhost:5005/rag', 'Accept-Encoding': 'gzip, deflate, br, zstd'}
2025-09-03 07:11:45,655 - app - ERROR - Error in Unhandled Exception: 415 Unsupported Media Type: Did not attempt to load JSON data because the request Content-Type was not 'application/json'.
Traceback (most recent call last):
  File "/Users/tanush/Documents/repos/AIDE/backend/venv/lib/python3.13/site-packages/flask/app.py", line 915, in full_dispatch_request
    rv = self.preprocess_request()
  File "/Users/tanush/Documents/repos/AIDE/backend/venv/lib/python3.13/site-packages/flask/app.py", line 1291, in preprocess_request
    rv = self.ensure_sync(before_func)()
  File "/Users/tanush/Documents/repos/AIDE/backend/app.py", line 29, in log_request
    log_request_info(request, logger)
    ~~~~~~~~~~~~~~~~^^^^^^^^^^^^^^^^^
  File "/Users/tanush/Documents/repos/AIDE/backend/utils/logging_config.py", line 78, in log_request_info
    if request.json:
       ^^^^^^^^^^^^
  File "/Users/tanush/Documents/repos/AIDE/backend/venv/lib/python3.13/site-packages/werkzeug/wrappers/request.py", line 560, in json
    return self.get_json()
           ~~~~~~~~~~~~~^^
  File "/Users/tanush/Documents/repos/AIDE/backend/venv/lib/python3.13/site-packages/werkzeug/wrappers/request.py", line 604, in get_json
    return self.on_json_loading_failed(None)
           ~~~~~~~~~~~~~~~~~~~~~~~~~~~^^^^^^
  File "/Users/tanush/Documents/repos/AIDE/backend/venv/lib/python3.13/site-packages/flask/wrappers.py", line 214, in on_json_loading_failed
    return super().on_json_loading_failed(e)
           ~~~~~~~~~~~~~~~~~~~~~~~~~~~~~~^^^
  File "/Users/tanush/Documents/repos/AIDE/backend/venv/lib/python3.13/site-packages/werkzeug/wrappers/request.py", line 647, in on_json_loading_failed
    raise UnsupportedMediaType(
    ...<2 lines>...
    )
werkzeug.exceptions.UnsupportedMediaType: 415 Unsupported Media Type: Did not attempt to load JSON data because the request Content-Type was not 'application/json'.
2025-09-03 07:11:45,657 - app - INFO - Response Status: 500
2025-09-03 07:11:45,657 - app - INFO - Response Headers: {'Content-Type': 'application/json', 'Content-Length': '140', 'Access-Control-Allow-Origin': 'http://localhost:3000', 'Access-Control-Allow-Credentials': 'true', 'Vary': 'Origin'}
2025-09-03 07:11:45,657 - werkzeug - INFO - 127.0.0.1 - - [03/Sep/2025 07:11:45] "[35m[1mGET /favicon.ico HTTP/1.1[0m" 500 -
2025-09-03 07:11:59,437 - app - INFO - Request: GET http://localhost:5005/api
2025-09-03 07:11:59,437 - app - INFO - Headers: {'Host': 'localhost:5005', 'Connection': 'keep-alive', 'Sec-Ch-Ua': '"Not;A=Brand";v="99", "Brave";v="139", "Chromium";v="139"', 'Sec-Ch-Ua-Mobile': '?0', 'Sec-Ch-Ua-Platform': '"macOS"', 'Upgrade-Insecure-Requests': '1', 'User-Agent': 'Mozilla/5.0 (Macintosh; Intel Mac OS X 10_15_7) AppleWebKit/537.36 (KHTML, like Gecko) Chrome/139.0.0.0 Safari/537.36', 'Accept': 'text/html,application/xhtml+xml,application/xml;q=0.9,image/avif,image/webp,image/apng,*/*;q=0.8', 'Sec-Gpc': '1', 'Accept-Language': 'en-US,en;q=0.9', 'Sec-Fetch-Site': 'none', 'Sec-Fetch-Mode': 'navigate', 'Sec-Fetch-User': '?1', 'Sec-Fetch-Dest': 'document', 'Accept-Encoding': 'gzip, deflate, br, zstd'}
2025-09-03 07:11:59,438 - app - ERROR - Error in Unhandled Exception: 415 Unsupported Media Type: Did not attempt to load JSON data because the request Content-Type was not 'application/json'.
Traceback (most recent call last):
  File "/Users/tanush/Documents/repos/AIDE/backend/venv/lib/python3.13/site-packages/flask/app.py", line 915, in full_dispatch_request
    rv = self.preprocess_request()
  File "/Users/tanush/Documents/repos/AIDE/backend/venv/lib/python3.13/site-packages/flask/app.py", line 1291, in preprocess_request
    rv = self.ensure_sync(before_func)()
  File "/Users/tanush/Documents/repos/AIDE/backend/app.py", line 29, in log_request
    log_request_info(request, logger)
    ~~~~~~~~~~~~~~~~^^^^^^^^^^^^^^^^^
  File "/Users/tanush/Documents/repos/AIDE/backend/utils/logging_config.py", line 78, in log_request_info
    if request.json:
       ^^^^^^^^^^^^
  File "/Users/tanush/Documents/repos/AIDE/backend/venv/lib/python3.13/site-packages/werkzeug/wrappers/request.py", line 560, in json
    return self.get_json()
           ~~~~~~~~~~~~~^^
  File "/Users/tanush/Documents/repos/AIDE/backend/venv/lib/python3.13/site-packages/werkzeug/wrappers/request.py", line 604, in get_json
    return self.on_json_loading_failed(None)
           ~~~~~~~~~~~~~~~~~~~~~~~~~~~^^^^^^
  File "/Users/tanush/Documents/repos/AIDE/backend/venv/lib/python3.13/site-packages/flask/wrappers.py", line 214, in on_json_loading_failed
    return super().on_json_loading_failed(e)
           ~~~~~~~~~~~~~~~~~~~~~~~~~~~~~~^^^
  File "/Users/tanush/Documents/repos/AIDE/backend/venv/lib/python3.13/site-packages/werkzeug/wrappers/request.py", line 647, in on_json_loading_failed
    raise UnsupportedMediaType(
    ...<2 lines>...
    )
werkzeug.exceptions.UnsupportedMediaType: 415 Unsupported Media Type: Did not attempt to load JSON data because the request Content-Type was not 'application/json'.
2025-09-03 07:11:59,439 - app - INFO - Response Status: 500
2025-09-03 07:11:59,439 - app - INFO - Response Headers: {'Content-Type': 'application/json', 'Content-Length': '140', 'Access-Control-Allow-Origin': 'http://localhost:3000', 'Access-Control-Allow-Credentials': 'true', 'Vary': 'Origin'}
2025-09-03 07:11:59,439 - werkzeug - INFO - 127.0.0.1 - - [03/Sep/2025 07:11:59] "[35m[1mGET /api HTTP/1.1[0m" 500 -
2025-09-03 07:11:59,462 - app - INFO - Request: GET http://localhost:5005/favicon.ico
2025-09-03 07:11:59,462 - app - INFO - Headers: {'Host': 'localhost:5005', 'Connection': 'keep-alive', 'Sec-Ch-Ua-Platform': '"macOS"', 'User-Agent': 'Mozilla/5.0 (Macintosh; Intel Mac OS X 10_15_7) AppleWebKit/537.36 (KHTML, like Gecko) Chrome/139.0.0.0 Safari/537.36', 'Sec-Ch-Ua': '"Not;A=Brand";v="99", "Brave";v="139", "Chromium";v="139"', 'Sec-Ch-Ua-Mobile': '?0', 'Accept': 'image/avif,image/webp,image/apng,image/svg+xml,image/*,*/*;q=0.8', 'Sec-Gpc': '1', 'Accept-Language': 'en-US,en;q=0.9', 'Sec-Fetch-Site': 'same-origin', 'Sec-Fetch-Mode': 'no-cors', 'Sec-Fetch-Dest': 'image', 'Referer': 'http://localhost:5005/api', 'Accept-Encoding': 'gzip, deflate, br, zstd'}
2025-09-03 07:11:59,463 - app - ERROR - Error in Unhandled Exception: 415 Unsupported Media Type: Did not attempt to load JSON data because the request Content-Type was not 'application/json'.
Traceback (most recent call last):
  File "/Users/tanush/Documents/repos/AIDE/backend/venv/lib/python3.13/site-packages/flask/app.py", line 915, in full_dispatch_request
    rv = self.preprocess_request()
  File "/Users/tanush/Documents/repos/AIDE/backend/venv/lib/python3.13/site-packages/flask/app.py", line 1291, in preprocess_request
    rv = self.ensure_sync(before_func)()
  File "/Users/tanush/Documents/repos/AIDE/backend/app.py", line 29, in log_request
    log_request_info(request, logger)
    ~~~~~~~~~~~~~~~~^^^^^^^^^^^^^^^^^
  File "/Users/tanush/Documents/repos/AIDE/backend/utils/logging_config.py", line 78, in log_request_info
    if request.json:
       ^^^^^^^^^^^^
  File "/Users/tanush/Documents/repos/AIDE/backend/venv/lib/python3.13/site-packages/werkzeug/wrappers/request.py", line 560, in json
    return self.get_json()
           ~~~~~~~~~~~~~^^
  File "/Users/tanush/Documents/repos/AIDE/backend/venv/lib/python3.13/site-packages/werkzeug/wrappers/request.py", line 604, in get_json
    return self.on_json_loading_failed(None)
           ~~~~~~~~~~~~~~~~~~~~~~~~~~~^^^^^^
  File "/Users/tanush/Documents/repos/AIDE/backend/venv/lib/python3.13/site-packages/flask/wrappers.py", line 214, in on_json_loading_failed
    return super().on_json_loading_failed(e)
           ~~~~~~~~~~~~~~~~~~~~~~~~~~~~~~^^^
  File "/Users/tanush/Documents/repos/AIDE/backend/venv/lib/python3.13/site-packages/werkzeug/wrappers/request.py", line 647, in on_json_loading_failed
    raise UnsupportedMediaType(
    ...<2 lines>...
    )
werkzeug.exceptions.UnsupportedMediaType: 415 Unsupported Media Type: Did not attempt to load JSON data because the request Content-Type was not 'application/json'.
2025-09-03 07:11:59,465 - app - INFO - Response Status: 500
2025-09-03 07:11:59,465 - app - INFO - Response Headers: {'Content-Type': 'application/json', 'Content-Length': '140', 'Access-Control-Allow-Origin': 'http://localhost:3000', 'Access-Control-Allow-Credentials': 'true', 'Vary': 'Origin'}
2025-09-03 07:11:59,466 - werkzeug - INFO - 127.0.0.1 - - [03/Sep/2025 07:11:59] "[35m[1mGET /favicon.ico HTTP/1.1[0m" 500 -
2025-09-03 07:12:02,969 - app - INFO - Request: GET http://localhost:5005/chat
2025-09-03 07:12:02,969 - app - INFO - Headers: {'Host': 'localhost:5005', 'Connection': 'keep-alive', 'Sec-Ch-Ua': '"Not;A=Brand";v="99", "Brave";v="139", "Chromium";v="139"', 'Sec-Ch-Ua-Mobile': '?0', 'Sec-Ch-Ua-Platform': '"macOS"', 'Upgrade-Insecure-Requests': '1', 'User-Agent': 'Mozilla/5.0 (Macintosh; Intel Mac OS X 10_15_7) AppleWebKit/537.36 (KHTML, like Gecko) Chrome/139.0.0.0 Safari/537.36', 'Accept': 'text/html,application/xhtml+xml,application/xml;q=0.9,image/avif,image/webp,image/apng,*/*;q=0.8', 'Sec-Gpc': '1', 'Accept-Language': 'en-US,en;q=0.9', 'Sec-Fetch-Site': 'none', 'Sec-Fetch-Mode': 'navigate', 'Sec-Fetch-User': '?1', 'Sec-Fetch-Dest': 'document', 'Accept-Encoding': 'gzip, deflate, br, zstd'}
2025-09-03 07:12:02,969 - app - ERROR - Error in Unhandled Exception: 415 Unsupported Media Type: Did not attempt to load JSON data because the request Content-Type was not 'application/json'.
Traceback (most recent call last):
  File "/Users/tanush/Documents/repos/AIDE/backend/venv/lib/python3.13/site-packages/flask/app.py", line 915, in full_dispatch_request
    rv = self.preprocess_request()
  File "/Users/tanush/Documents/repos/AIDE/backend/venv/lib/python3.13/site-packages/flask/app.py", line 1291, in preprocess_request
    rv = self.ensure_sync(before_func)()
  File "/Users/tanush/Documents/repos/AIDE/backend/app.py", line 29, in log_request
    log_request_info(request, logger)
    ~~~~~~~~~~~~~~~~^^^^^^^^^^^^^^^^^
  File "/Users/tanush/Documents/repos/AIDE/backend/utils/logging_config.py", line 78, in log_request_info
    if request.json:
       ^^^^^^^^^^^^
  File "/Users/tanush/Documents/repos/AIDE/backend/venv/lib/python3.13/site-packages/werkzeug/wrappers/request.py", line 560, in json
    return self.get_json()
           ~~~~~~~~~~~~~^^
  File "/Users/tanush/Documents/repos/AIDE/backend/venv/lib/python3.13/site-packages/werkzeug/wrappers/request.py", line 604, in get_json
    return self.on_json_loading_failed(None)
           ~~~~~~~~~~~~~~~~~~~~~~~~~~~^^^^^^
  File "/Users/tanush/Documents/repos/AIDE/backend/venv/lib/python3.13/site-packages/flask/wrappers.py", line 214, in on_json_loading_failed
    return super().on_json_loading_failed(e)
           ~~~~~~~~~~~~~~~~~~~~~~~~~~~~~~^^^
  File "/Users/tanush/Documents/repos/AIDE/backend/venv/lib/python3.13/site-packages/werkzeug/wrappers/request.py", line 647, in on_json_loading_failed
    raise UnsupportedMediaType(
    ...<2 lines>...
    )
werkzeug.exceptions.UnsupportedMediaType: 415 Unsupported Media Type: Did not attempt to load JSON data because the request Content-Type was not 'application/json'.
2025-09-03 07:12:02,971 - app - INFO - Response Status: 500
2025-09-03 07:12:02,971 - app - INFO - Response Headers: {'Content-Type': 'application/json', 'Content-Length': '140', 'Access-Control-Allow-Origin': 'http://localhost:3000', 'Access-Control-Allow-Credentials': 'true', 'Vary': 'Origin'}
2025-09-03 07:12:02,971 - werkzeug - INFO - 127.0.0.1 - - [03/Sep/2025 07:12:02] "[35m[1mGET /chat HTTP/1.1[0m" 500 -
2025-09-03 07:12:02,990 - app - INFO - Request: GET http://localhost:5005/favicon.ico
2025-09-03 07:12:02,990 - app - INFO - Headers: {'Host': 'localhost:5005', 'Connection': 'keep-alive', 'Sec-Ch-Ua-Platform': '"macOS"', 'User-Agent': 'Mozilla/5.0 (Macintosh; Intel Mac OS X 10_15_7) AppleWebKit/537.36 (KHTML, like Gecko) Chrome/139.0.0.0 Safari/537.36', 'Sec-Ch-Ua': '"Not;A=Brand";v="99", "Brave";v="139", "Chromium";v="139"', 'Sec-Ch-Ua-Mobile': '?0', 'Accept': 'image/avif,image/webp,image/apng,image/svg+xml,image/*,*/*;q=0.8', 'Sec-Gpc': '1', 'Accept-Language': 'en-US,en;q=0.9', 'Sec-Fetch-Site': 'same-origin', 'Sec-Fetch-Mode': 'no-cors', 'Sec-Fetch-Dest': 'image', 'Referer': 'http://localhost:5005/chat', 'Accept-Encoding': 'gzip, deflate, br, zstd'}
2025-09-03 07:12:02,991 - app - ERROR - Error in Unhandled Exception: 415 Unsupported Media Type: Did not attempt to load JSON data because the request Content-Type was not 'application/json'.
Traceback (most recent call last):
  File "/Users/tanush/Documents/repos/AIDE/backend/venv/lib/python3.13/site-packages/flask/app.py", line 915, in full_dispatch_request
    rv = self.preprocess_request()
  File "/Users/tanush/Documents/repos/AIDE/backend/venv/lib/python3.13/site-packages/flask/app.py", line 1291, in preprocess_request
    rv = self.ensure_sync(before_func)()
  File "/Users/tanush/Documents/repos/AIDE/backend/app.py", line 29, in log_request
    log_request_info(request, logger)
    ~~~~~~~~~~~~~~~~^^^^^^^^^^^^^^^^^
  File "/Users/tanush/Documents/repos/AIDE/backend/utils/logging_config.py", line 78, in log_request_info
    if request.json:
       ^^^^^^^^^^^^
  File "/Users/tanush/Documents/repos/AIDE/backend/venv/lib/python3.13/site-packages/werkzeug/wrappers/request.py", line 560, in json
    return self.get_json()
           ~~~~~~~~~~~~~^^
  File "/Users/tanush/Documents/repos/AIDE/backend/venv/lib/python3.13/site-packages/werkzeug/wrappers/request.py", line 604, in get_json
    return self.on_json_loading_failed(None)
           ~~~~~~~~~~~~~~~~~~~~~~~~~~~^^^^^^
  File "/Users/tanush/Documents/repos/AIDE/backend/venv/lib/python3.13/site-packages/flask/wrappers.py", line 214, in on_json_loading_failed
    return super().on_json_loading_failed(e)
           ~~~~~~~~~~~~~~~~~~~~~~~~~~~~~~^^^
  File "/Users/tanush/Documents/repos/AIDE/backend/venv/lib/python3.13/site-packages/werkzeug/wrappers/request.py", line 647, in on_json_loading_failed
    raise UnsupportedMediaType(
    ...<2 lines>...
    )
werkzeug.exceptions.UnsupportedMediaType: 415 Unsupported Media Type: Did not attempt to load JSON data because the request Content-Type was not 'application/json'.
2025-09-03 07:12:02,992 - app - INFO - Response Status: 500
2025-09-03 07:12:02,992 - app - INFO - Response Headers: {'Content-Type': 'application/json', 'Content-Length': '140', 'Access-Control-Allow-Origin': 'http://localhost:3000', 'Access-Control-Allow-Credentials': 'true', 'Vary': 'Origin'}
2025-09-03 07:12:02,992 - werkzeug - INFO - 127.0.0.1 - - [03/Sep/2025 07:12:02] "[35m[1mGET /favicon.ico HTTP/1.1[0m" 500 -
2025-09-03 07:12:07,722 - app - INFO - Request: GET http://localhost:5005/enhanced-chat
2025-09-03 07:12:07,722 - app - INFO - Headers: {'Host': 'localhost:5005', 'Connection': 'keep-alive', 'Sec-Ch-Ua': '"Not;A=Brand";v="99", "Brave";v="139", "Chromium";v="139"', 'Sec-Ch-Ua-Mobile': '?0', 'Sec-Ch-Ua-Platform': '"macOS"', 'Upgrade-Insecure-Requests': '1', 'User-Agent': 'Mozilla/5.0 (Macintosh; Intel Mac OS X 10_15_7) AppleWebKit/537.36 (KHTML, like Gecko) Chrome/139.0.0.0 Safari/537.36', 'Accept': 'text/html,application/xhtml+xml,application/xml;q=0.9,image/avif,image/webp,image/apng,*/*;q=0.8', 'Sec-Gpc': '1', 'Accept-Language': 'en-US,en;q=0.9', 'Sec-Fetch-Site': 'none', 'Sec-Fetch-Mode': 'navigate', 'Sec-Fetch-User': '?1', 'Sec-Fetch-Dest': 'document', 'Accept-Encoding': 'gzip, deflate, br, zstd'}
2025-09-03 07:12:07,722 - app - ERROR - Error in Unhandled Exception: 415 Unsupported Media Type: Did not attempt to load JSON data because the request Content-Type was not 'application/json'.
Traceback (most recent call last):
  File "/Users/tanush/Documents/repos/AIDE/backend/venv/lib/python3.13/site-packages/flask/app.py", line 915, in full_dispatch_request
    rv = self.preprocess_request()
  File "/Users/tanush/Documents/repos/AIDE/backend/venv/lib/python3.13/site-packages/flask/app.py", line 1291, in preprocess_request
    rv = self.ensure_sync(before_func)()
  File "/Users/tanush/Documents/repos/AIDE/backend/app.py", line 29, in log_request
    log_request_info(request, logger)
    ~~~~~~~~~~~~~~~~^^^^^^^^^^^^^^^^^
  File "/Users/tanush/Documents/repos/AIDE/backend/utils/logging_config.py", line 78, in log_request_info
    if request.json:
       ^^^^^^^^^^^^
  File "/Users/tanush/Documents/repos/AIDE/backend/venv/lib/python3.13/site-packages/werkzeug/wrappers/request.py", line 560, in json
    return self.get_json()
           ~~~~~~~~~~~~~^^
  File "/Users/tanush/Documents/repos/AIDE/backend/venv/lib/python3.13/site-packages/werkzeug/wrappers/request.py", line 604, in get_json
    return self.on_json_loading_failed(None)
           ~~~~~~~~~~~~~~~~~~~~~~~~~~~^^^^^^
  File "/Users/tanush/Documents/repos/AIDE/backend/venv/lib/python3.13/site-packages/flask/wrappers.py", line 214, in on_json_loading_failed
    return super().on_json_loading_failed(e)
           ~~~~~~~~~~~~~~~~~~~~~~~~~~~~~~^^^
  File "/Users/tanush/Documents/repos/AIDE/backend/venv/lib/python3.13/site-packages/werkzeug/wrappers/request.py", line 647, in on_json_loading_failed
    raise UnsupportedMediaType(
    ...<2 lines>...
    )
werkzeug.exceptions.UnsupportedMediaType: 415 Unsupported Media Type: Did not attempt to load JSON data because the request Content-Type was not 'application/json'.
2025-09-03 07:12:07,724 - app - INFO - Response Status: 500
2025-09-03 07:12:07,724 - app - INFO - Response Headers: {'Content-Type': 'application/json', 'Content-Length': '140', 'Access-Control-Allow-Origin': 'http://localhost:3000', 'Access-Control-Allow-Credentials': 'true', 'Vary': 'Origin'}
2025-09-03 07:12:07,724 - werkzeug - INFO - 127.0.0.1 - - [03/Sep/2025 07:12:07] "[35m[1mGET /enhanced-chat HTTP/1.1[0m" 500 -
2025-09-03 07:12:07,748 - app - INFO - Request: GET http://localhost:5005/favicon.ico
2025-09-03 07:12:07,748 - app - INFO - Headers: {'Host': 'localhost:5005', 'Connection': 'keep-alive', 'Sec-Ch-Ua-Platform': '"macOS"', 'User-Agent': 'Mozilla/5.0 (Macintosh; Intel Mac OS X 10_15_7) AppleWebKit/537.36 (KHTML, like Gecko) Chrome/139.0.0.0 Safari/537.36', 'Sec-Ch-Ua': '"Not;A=Brand";v="99", "Brave";v="139", "Chromium";v="139"', 'Sec-Ch-Ua-Mobile': '?0', 'Accept': 'image/avif,image/webp,image/apng,image/svg+xml,image/*,*/*;q=0.8', 'Sec-Gpc': '1', 'Accept-Language': 'en-US,en;q=0.9', 'Sec-Fetch-Site': 'same-origin', 'Sec-Fetch-Mode': 'no-cors', 'Sec-Fetch-Dest': 'image', 'Referer': 'http://localhost:5005/enhanced-chat', 'Accept-Encoding': 'gzip, deflate, br, zstd'}
2025-09-03 07:12:07,749 - app - ERROR - Error in Unhandled Exception: 415 Unsupported Media Type: Did not attempt to load JSON data because the request Content-Type was not 'application/json'.
Traceback (most recent call last):
  File "/Users/tanush/Documents/repos/AIDE/backend/venv/lib/python3.13/site-packages/flask/app.py", line 915, in full_dispatch_request
    rv = self.preprocess_request()
  File "/Users/tanush/Documents/repos/AIDE/backend/venv/lib/python3.13/site-packages/flask/app.py", line 1291, in preprocess_request
    rv = self.ensure_sync(before_func)()
  File "/Users/tanush/Documents/repos/AIDE/backend/app.py", line 29, in log_request
    log_request_info(request, logger)
    ~~~~~~~~~~~~~~~~^^^^^^^^^^^^^^^^^
  File "/Users/tanush/Documents/repos/AIDE/backend/utils/logging_config.py", line 78, in log_request_info
    if request.json:
       ^^^^^^^^^^^^
  File "/Users/tanush/Documents/repos/AIDE/backend/venv/lib/python3.13/site-packages/werkzeug/wrappers/request.py", line 560, in json
    return self.get_json()
           ~~~~~~~~~~~~~^^
  File "/Users/tanush/Documents/repos/AIDE/backend/venv/lib/python3.13/site-packages/werkzeug/wrappers/request.py", line 604, in get_json
    return self.on_json_loading_failed(None)
           ~~~~~~~~~~~~~~~~~~~~~~~~~~~^^^^^^
  File "/Users/tanush/Documents/repos/AIDE/backend/venv/lib/python3.13/site-packages/flask/wrappers.py", line 214, in on_json_loading_failed
    return super().on_json_loading_failed(e)
           ~~~~~~~~~~~~~~~~~~~~~~~~~~~~~~^^^
  File "/Users/tanush/Documents/repos/AIDE/backend/venv/lib/python3.13/site-packages/werkzeug/wrappers/request.py", line 647, in on_json_loading_failed
    raise UnsupportedMediaType(
    ...<2 lines>...
    )
werkzeug.exceptions.UnsupportedMediaType: 415 Unsupported Media Type: Did not attempt to load JSON data because the request Content-Type was not 'application/json'.
2025-09-03 07:12:07,751 - app - INFO - Response Status: 500
2025-09-03 07:12:07,751 - app - INFO - Response Headers: {'Content-Type': 'application/json', 'Content-Length': '140', 'Access-Control-Allow-Origin': 'http://localhost:3000', 'Access-Control-Allow-Credentials': 'true', 'Vary': 'Origin'}
2025-09-03 07:12:07,751 - werkzeug - INFO - 127.0.0.1 - - [03/Sep/2025 07:12:07] "[35m[1mGET /favicon.ico HTTP/1.1[0m" 500 -
